terra 1.8.70

Attaching package: ‘dplyr’

The following objects are masked from ‘package:terra’:

    intersect, union

The following objects are masked from ‘package:stats’:

    filter, lag

The following objects are masked from ‘package:base’:

    intersect, setdiff, setequal, union


Attaching package: ‘lubridate’

The following objects are masked from ‘package:terra’:

    intersect, union

The following objects are masked from ‘package:base’:

    date, intersect, setdiff, union

✓ Using Docker container data mount at /data
✓ All required paths verified successfully

=== HLS DATA PATHS CONFIGURED ===
Operating System: Linux 
Base Path: /data 
Storage space check: Run 'check_storage_space(paths$base)' to verify capacity
Platform-specific paths ready for HLS processing
=== PHASE 1: SPATIAL AGGREGATION TO 4KM ===

Configuration:
  Target resolution: 4000 m
  Aggregation method: median 
  Years: 2013-2024 
  Output: /data/gam_models/conus_4km_ndvi_timeseries.csv 


=== EXECUTING PHASE 1: 4KM AGGREGATION ===
Started at: 2025-11-08 06:50:10.659614 

=== STARTING 4KM AGGREGATION ===

Scanning for NDVI files...
   2013 : 3601 scenes
   2014 : 4740 scenes
   2015 : 4679 scenes
   2016 : 5955 scenes
   2017 : 5582 scenes
   2018 : 5114 scenes
   2019 : 5323 scenes
   2020 : 6291 scenes
   2021 : 6301 scenes
   2022 : 5919 scenes
   2023 : 5793 scenes
   2024 : 5962 scenes

Total scenes found: 65260 

Initializing 4km reference grid...
Creating 4km reference grid in Albers Equal Area projection...
  Domain spans multiple UTM zones (13N-17N) - using common CRS
  CRS: Albers Equal Area (EPSG:5070)
  Grid dimensions: 304 x 495 x 1 
  Total 4km cells: 150480 
  Extent (Albers meters): -748366, 1229788, 1584247, 2801026 

  Progress: 50/65260 scenes (0.1%) | 15.2 scenes/min | ETA: 4278 min
  Progress: 100/65260 scenes (0.2%) | 12.7 scenes/min | ETA: 5134 min
  Saving checkpoint...
  Progress: 150/65260 scenes (0.2%) | 12.5 scenes/min | ETA: 5191 min
  Progress: 200/65260 scenes (0.3%) | 13.1 scenes/min | ETA: 4951 min
  Saving checkpoint...
  Progress: 250/65260 scenes (0.4%) | 13.6 scenes/min | ETA: 4780 min
  Progress: 300/65260 scenes (0.5%) | 13.7 scenes/min | ETA: 4759 min
  Saving checkpoint...
  Progress: 350/65260 scenes (0.5%) | 13.6 scenes/min | ETA: 4756 min
  Progress: 400/65260 scenes (0.6%) | 13.9 scenes/min | ETA: 4655 min
  Saving checkpoint...
  Progress: 450/65260 scenes (0.7%) | 13.9 scenes/min | ETA: 4669 min
  Progress: 500/65260 scenes (0.8%) | 14.1 scenes/min | ETA: 4599 min
  Saving checkpoint...
  Progress: 550/65260 scenes (0.8%) | 14.0 scenes/min | ETA: 4611 min
  Progress: 600/65260 scenes (0.9%) | 14.0 scenes/min | ETA: 4624 min
  Saving checkpoint...
  Progress: 650/65260 scenes (1.0%) | 13.8 scenes/min | ETA: 4687 min
  Progress: 700/65260 scenes (1.1%) | 13.6 scenes/min | ETA: 4734 min
  Saving checkpoint...
  Progress: 750/65260 scenes (1.1%) | 13.6 scenes/min | ETA: 4730 min
  Progress: 800/65260 scenes (1.2%) | 13.6 scenes/min | ETA: 4729 min
  Saving checkpoint...
  Progress: 850/65260 scenes (1.3%) | 13.6 scenes/min | ETA: 4726 min
  Progress: 900/65260 scenes (1.4%) | 13.8 scenes/min | ETA: 4679 min
  Saving checkpoint...
  Progress: 950/65260 scenes (1.5%) | 13.8 scenes/min | ETA: 4646 min
  Progress: 1000/65260 scenes (1.5%) | 13.9 scenes/min | ETA: 4618 min
  Saving checkpoint...
  Progress: 1050/65260 scenes (1.6%) | 14.0 scenes/min | ETA: 4600 min
  Progress: 1100/65260 scenes (1.7%) | 14.0 scenes/min | ETA: 4567 min
  Saving checkpoint...
  Progress: 1150/65260 scenes (1.8%) | 14.0 scenes/min | ETA: 4583 min
  Progress: 1200/65260 scenes (1.8%) | 14.0 scenes/min | ETA: 4569 min
  Saving checkpoint...
  Progress: 1250/65260 scenes (1.9%) | 14.0 scenes/min | ETA: 4580 min
  Progress: 1300/65260 scenes (2.0%) | 14.1 scenes/min | ETA: 4546 min
  Saving checkpoint...
  Progress: 1350/65260 scenes (2.1%) | 14.1 scenes/min | ETA: 4542 min
  Progress: 1400/65260 scenes (2.1%) | 14.1 scenes/min | ETA: 4522 min
  Saving checkpoint...
  Progress: 1450/65260 scenes (2.2%) | 14.1 scenes/min | ETA: 4530 min
  Progress: 1500/65260 scenes (2.3%) | 14.1 scenes/min | ETA: 4507 min
  Saving checkpoint...
  Progress: 1550/65260 scenes (2.4%) | 14.0 scenes/min | ETA: 4537 min
  Progress: 1600/65260 scenes (2.5%) | 13.9 scenes/min | ETA: 4584 min
  Saving checkpoint...
  Progress: 1650/65260 scenes (2.5%) | 13.8 scenes/min | ETA: 4600 min
  Progress: 1700/65260 scenes (2.6%) | 13.8 scenes/min | ETA: 4607 min
  Saving checkpoint...
  Progress: 1750/65260 scenes (2.7%) | 13.7 scenes/min | ETA: 4619 min
  Progress: 1800/65260 scenes (2.8%) | 13.9 scenes/min | ETA: 4581 min
  Saving checkpoint...
  Progress: 1850/65260 scenes (2.8%) | 13.9 scenes/min | ETA: 4577 min
  Progress: 1900/65260 scenes (2.9%) | 13.9 scenes/min | ETA: 4551 min
  Saving checkpoint...
  Progress: 1950/65260 scenes (3.0%) | 13.9 scenes/min | ETA: 4546 min
  Progress: 2000/65260 scenes (3.1%) | 14.0 scenes/min | ETA: 4514 min
  Saving checkpoint...
  Progress: 2050/65260 scenes (3.1%) | 14.0 scenes/min | ETA: 4516 min
  Progress: 2100/65260 scenes (3.2%) | 14.0 scenes/min | ETA: 4496 min
  Saving checkpoint...
  Progress: 2150/65260 scenes (3.3%) | 14.0 scenes/min | ETA: 4508 min
  Progress: 2200/65260 scenes (3.4%) | 14.1 scenes/min | ETA: 4482 min
  Saving checkpoint...
  Progress: 2250/65260 scenes (3.4%) | 14.1 scenes/min | ETA: 4479 min
  Progress: 2300/65260 scenes (3.5%) | 14.1 scenes/min | ETA: 4473 min
  Saving checkpoint...
  Progress: 2350/65260 scenes (3.6%) | 14.0 scenes/min | ETA: 4498 min
  Progress: 2400/65260 scenes (3.7%) | 14.0 scenes/min | ETA: 4493 min
  Saving checkpoint...
  Progress: 2450/65260 scenes (3.8%) | 14.0 scenes/min | ETA: 4489 min
  Progress: 2500/65260 scenes (3.8%) | 14.0 scenes/min | ETA: 4473 min
  Saving checkpoint...
  Progress: 2550/65260 scenes (3.9%) | 14.0 scenes/min | ETA: 4493 min
  Progress: 2600/65260 scenes (4.0%) | 14.0 scenes/min | ETA: 4470 min
  Saving checkpoint...
  Progress: 2650/65260 scenes (4.1%) | 14.0 scenes/min | ETA: 4475 min
  Progress: 2700/65260 scenes (4.1%) | 14.1 scenes/min | ETA: 4449 min
  Saving checkpoint...
  Progress: 2750/65260 scenes (4.2%) | 14.0 scenes/min | ETA: 4459 min
  Progress: 2800/65260 scenes (4.3%) | 14.0 scenes/min | ETA: 4453 min
  Saving checkpoint...
  Progress: 2850/65260 scenes (4.4%) | 14.0 scenes/min | ETA: 4450 min
  Progress: 2900/65260 scenes (4.4%) | 14.0 scenes/min | ETA: 4446 min
  Saving checkpoint...
  Progress: 2950/65260 scenes (4.5%) | 14.0 scenes/min | ETA: 4454 min
  Progress: 3000/65260 scenes (4.6%) | 14.1 scenes/min | ETA: 4431 min
  Saving checkpoint...
  Progress: 3050/65260 scenes (4.7%) | 14.0 scenes/min | ETA: 4431 min
  Progress: 3100/65260 scenes (4.8%) | 14.1 scenes/min | ETA: 4419 min
  Saving checkpoint...
  Progress: 3150/65260 scenes (4.8%) | 14.1 scenes/min | ETA: 4414 min
  Progress: 3200/65260 scenes (4.9%) | 14.1 scenes/min | ETA: 4395 min
  Saving checkpoint...
  Progress: 3250/65260 scenes (5.0%) | 14.1 scenes/min | ETA: 4394 min
  Progress: 3300/65260 scenes (5.1%) | 14.2 scenes/min | ETA: 4378 min
  Saving checkpoint...
  Progress: 3350/65260 scenes (5.1%) | 14.1 scenes/min | ETA: 4387 min
  Progress: 3400/65260 scenes (5.2%) | 14.1 scenes/min | ETA: 4393 min
  Saving checkpoint...
  Progress: 3450/65260 scenes (5.3%) | 14.0 scenes/min | ETA: 4417 min
  Progress: 3500/65260 scenes (5.4%) | 14.0 scenes/min | ETA: 4409 min
  Saving checkpoint...
  Progress: 3550/65260 scenes (5.4%) | 14.0 scenes/min | ETA: 4414 min
  Progress: 3600/65260 scenes (5.5%) | 14.0 scenes/min | ETA: 4414 min
  Saving checkpoint...
  Progress: 3650/65260 scenes (5.6%) | 13.9 scenes/min | ETA: 4427 min
  Progress: 3700/65260 scenes (5.7%) | 13.9 scenes/min | ETA: 4432 min
  Saving checkpoint...
  Progress: 3750/65260 scenes (5.7%) | 13.8 scenes/min | ETA: 4446 min
  Progress: 3800/65260 scenes (5.8%) | 13.9 scenes/min | ETA: 4435 min
  Saving checkpoint...
  Progress: 3850/65260 scenes (5.9%) | 13.8 scenes/min | ETA: 4448 min
  Progress: 3900/65260 scenes (6.0%) | 13.8 scenes/min | ETA: 4440 min
  Saving checkpoint...
  Progress: 3950/65260 scenes (6.1%) | 13.8 scenes/min | ETA: 4454 min
  Progress: 4000/65260 scenes (6.1%) | 13.8 scenes/min | ETA: 4440 min
  Saving checkpoint...
  Progress: 4050/65260 scenes (6.2%) | 13.7 scenes/min | ETA: 4459 min
  Progress: 4100/65260 scenes (6.3%) | 13.7 scenes/min | ETA: 4462 min
  Saving checkpoint...
  Progress: 4150/65260 scenes (6.4%) | 13.6 scenes/min | ETA: 4488 min
  Progress: 4200/65260 scenes (6.4%) | 13.6 scenes/min | ETA: 4503 min
  Saving checkpoint...
  Progress: 4250/65260 scenes (6.5%) | 13.5 scenes/min | ETA: 4515 min
  Progress: 4300/65260 scenes (6.6%) | 13.5 scenes/min | ETA: 4513 min
  Saving checkpoint...
  Progress: 4350/65260 scenes (6.7%) | 13.4 scenes/min | ETA: 4542 min
  Progress: 4400/65260 scenes (6.7%) | 13.4 scenes/min | ETA: 4546 min
  Saving checkpoint...
  Progress: 4450/65260 scenes (6.8%) | 13.3 scenes/min | ETA: 4559 min
  Progress: 4500/65260 scenes (6.9%) | 13.3 scenes/min | ETA: 4552 min
  Saving checkpoint...
  Progress: 4550/65260 scenes (7.0%) | 13.3 scenes/min | ETA: 4562 min
  Progress: 4600/65260 scenes (7.0%) | 13.3 scenes/min | ETA: 4550 min
  Saving checkpoint...
  Progress: 4650/65260 scenes (7.1%) | 13.3 scenes/min | ETA: 4556 min
  Progress: 4700/65260 scenes (7.2%) | 13.3 scenes/min | ETA: 4545 min
  Saving checkpoint...
  Progress: 4750/65260 scenes (7.3%) | 13.3 scenes/min | ETA: 4547 min
  Progress: 4800/65260 scenes (7.4%) | 13.3 scenes/min | ETA: 4537 min
  Saving checkpoint...
  Progress: 4850/65260 scenes (7.4%) | 13.3 scenes/min | ETA: 4550 min
  Progress: 4900/65260 scenes (7.5%) | 13.3 scenes/min | ETA: 4543 min
  Saving checkpoint...
  Progress: 4950/65260 scenes (7.6%) | 13.2 scenes/min | ETA: 4554 min
  Progress: 5000/65260 scenes (7.7%) | 13.3 scenes/min | ETA: 4541 min
  Saving checkpoint...
  Progress: 5050/65260 scenes (7.7%) | 13.2 scenes/min | ETA: 4555 min
  Progress: 5100/65260 scenes (7.8%) | 13.2 scenes/min | ETA: 4544 min
  Saving checkpoint...
  Progress: 5150/65260 scenes (7.9%) | 13.2 scenes/min | ETA: 4552 min
  Progress: 5200/65260 scenes (8.0%) | 13.2 scenes/min | ETA: 4542 min
  Saving checkpoint...
  Progress: 5250/65260 scenes (8.0%) | 13.2 scenes/min | ETA: 4546 min
  Progress: 5300/65260 scenes (8.1%) | 13.2 scenes/min | ETA: 4534 min
  Saving checkpoint...
  Progress: 5350/65260 scenes (8.2%) | 13.2 scenes/min | ETA: 4543 min
  Progress: 5400/65260 scenes (8.3%) | 13.2 scenes/min | ETA: 4539 min
  Saving checkpoint...
  Progress: 5450/65260 scenes (8.4%) | 13.1 scenes/min | ETA: 4558 min
  Progress: 5500/65260 scenes (8.4%) | 13.1 scenes/min | ETA: 4557 min
  Saving checkpoint...
  Progress: 5550/65260 scenes (8.5%) | 13.1 scenes/min | ETA: 4569 min
  Progress: 5600/65260 scenes (8.6%) | 13.1 scenes/min | ETA: 4564 min
  Saving checkpoint...
  Progress: 5650/65260 scenes (8.7%) | 13.0 scenes/min | ETA: 4583 min
  Progress: 5700/65260 scenes (8.7%) | 13.0 scenes/min | ETA: 4572 min
  Saving checkpoint...
  Progress: 5750/65260 scenes (8.8%) | 13.0 scenes/min | ETA: 4573 min
  Progress: 5800/65260 scenes (8.9%) | 13.0 scenes/min | ETA: 4565 min
  Saving checkpoint...
  Progress: 5850/65260 scenes (9.0%) | 13.0 scenes/min | ETA: 4570 min
  Progress: 5900/65260 scenes (9.0%) | 13.0 scenes/min | ETA: 4559 min
  Saving checkpoint...
  Progress: 5950/65260 scenes (9.1%) | 13.0 scenes/min | ETA: 4568 min
  Progress: 6000/65260 scenes (9.2%) | 13.0 scenes/min | ETA: 4553 min
  Saving checkpoint...
  Progress: 6050/65260 scenes (9.3%) | 13.0 scenes/min | ETA: 4565 min
  Progress: 6100/65260 scenes (9.3%) | 13.0 scenes/min | ETA: 4551 min
  Saving checkpoint...
  Progress: 6150/65260 scenes (9.4%) | 13.0 scenes/min | ETA: 4558 min
  Progress: 6200/65260 scenes (9.5%) | 13.0 scenes/min | ETA: 4543 min
  Saving checkpoint...
  Progress: 6250/65260 scenes (9.6%) | 13.0 scenes/min | ETA: 4544 min
  Progress: 6300/65260 scenes (9.7%) | 13.0 scenes/min | ETA: 4532 min
  Saving checkpoint...
  Progress: 6350/65260 scenes (9.7%) | 13.0 scenes/min | ETA: 4543 min
  Progress: 6400/65260 scenes (9.8%) | 13.0 scenes/min | ETA: 4542 min
  Saving checkpoint...
  Progress: 6450/65260 scenes (9.9%) | 12.9 scenes/min | ETA: 4560 min
  Progress: 6500/65260 scenes (10.0%) | 12.9 scenes/min | ETA: 4554 min
  Saving checkpoint...
  Progress: 6550/65260 scenes (10.0%) | 12.9 scenes/min | ETA: 4563 min
  Progress: 6600/65260 scenes (10.1%) | 12.9 scenes/min | ETA: 4551 min
  Saving checkpoint...
  Progress: 6650/65260 scenes (10.2%) | 12.8 scenes/min | ETA: 4564 min
  Progress: 6700/65260 scenes (10.3%) | 12.9 scenes/min | ETA: 4557 min
  Saving checkpoint...
  Progress: 6750/65260 scenes (10.3%) | 12.8 scenes/min | ETA: 4568 min
  Progress: 6800/65260 scenes (10.4%) | 12.8 scenes/min | ETA: 4559 min
  Saving checkpoint...
  Progress: 6850/65260 scenes (10.5%) | 12.8 scenes/min | ETA: 4570 min
  Progress: 6900/65260 scenes (10.6%) | 12.8 scenes/min | ETA: 4559 min
  Saving checkpoint...
  Progress: 6950/65260 scenes (10.6%) | 12.8 scenes/min | ETA: 4565 min
  Progress: 7000/65260 scenes (10.7%) | 12.8 scenes/min | ETA: 4557 min
  Saving checkpoint...
  Progress: 7050/65260 scenes (10.8%) | 12.8 scenes/min | ETA: 4560 min
  Progress: 7100/65260 scenes (10.9%) | 12.8 scenes/min | ETA: 4548 min
  Saving checkpoint...
  Progress: 7150/65260 scenes (11.0%) | 12.8 scenes/min | ETA: 4555 min
  Progress: 7200/65260 scenes (11.0%) | 12.8 scenes/min | ETA: 4543 min
  Saving checkpoint...
  Progress: 7250/65260 scenes (11.1%) | 12.7 scenes/min | ETA: 4550 min
  Progress: 7300/65260 scenes (11.2%) | 12.8 scenes/min | ETA: 4535 min
  Saving checkpoint...
  Progress: 7350/65260 scenes (11.3%) | 12.7 scenes/min | ETA: 4548 min
  Progress: 7400/65260 scenes (11.3%) | 12.8 scenes/min | ETA: 4537 min
  Saving checkpoint...
  Progress: 7450/65260 scenes (11.4%) | 12.7 scenes/min | ETA: 4545 min
  Progress: 7500/65260 scenes (11.5%) | 12.7 scenes/min | ETA: 4531 min
  Saving checkpoint...
  Progress: 7550/65260 scenes (11.6%) | 12.7 scenes/min | ETA: 4538 min
  Progress: 7600/65260 scenes (11.6%) | 12.7 scenes/min | ETA: 4525 min
  Saving checkpoint...
  Progress: 7650/65260 scenes (11.7%) | 12.7 scenes/min | ETA: 4532 min
  Progress: 7700/65260 scenes (11.8%) | 12.7 scenes/min | ETA: 4534 min
  Saving checkpoint...
  Progress: 7750/65260 scenes (11.9%) | 12.7 scenes/min | ETA: 4543 min
  Progress: 7800/65260 scenes (12.0%) | 12.6 scenes/min | ETA: 4545 min
  Saving checkpoint...
  Progress: 7850/65260 scenes (12.0%) | 12.6 scenes/min | ETA: 4562 min
  Progress: 7900/65260 scenes (12.1%) | 12.6 scenes/min | ETA: 4558 min
  Saving checkpoint...
  Progress: 7950/65260 scenes (12.2%) | 12.5 scenes/min | ETA: 4569 min
  Progress: 8000/65260 scenes (12.3%) | 12.5 scenes/min | ETA: 4566 min
  Saving checkpoint...
  Progress: 8050/65260 scenes (12.3%) | 12.5 scenes/min | ETA: 4581 min
  Progress: 8100/65260 scenes (12.4%) | 12.5 scenes/min | ETA: 4574 min
  Saving checkpoint...
  Progress: 8150/65260 scenes (12.5%) | 12.4 scenes/min | ETA: 4589 min
  Progress: 8200/65260 scenes (12.6%) | 12.4 scenes/min | ETA: 4584 min
  Saving checkpoint...
  Progress: 8250/65260 scenes (12.6%) | 12.4 scenes/min | ETA: 4596 min
  Progress: 8300/65260 scenes (12.7%) | 12.4 scenes/min | ETA: 4592 min
  Saving checkpoint...
  Progress: 8350/65260 scenes (12.8%) | 12.3 scenes/min | ETA: 4612 min
  Progress: 8400/65260 scenes (12.9%) | 12.3 scenes/min | ETA: 4611 min
  Saving checkpoint...
  Progress: 8450/65260 scenes (12.9%) | 12.3 scenes/min | ETA: 4631 min
  Progress: 8500/65260 scenes (13.0%) | 12.2 scenes/min | ETA: 4635 min
  Saving checkpoint...
  Progress: 8550/65260 scenes (13.1%) | 12.2 scenes/min | ETA: 4649 min
  Progress: 8600/65260 scenes (13.2%) | 12.2 scenes/min | ETA: 4645 min
  Saving checkpoint...
  Progress: 8650/65260 scenes (13.3%) | 12.1 scenes/min | ETA: 4666 min
  Progress: 8700/65260 scenes (13.3%) | 12.1 scenes/min | ETA: 4664 min
  Saving checkpoint...
  Progress: 8750/65260 scenes (13.4%) | 12.1 scenes/min | ETA: 4678 min
  Progress: 8800/65260 scenes (13.5%) | 12.1 scenes/min | ETA: 4670 min
  Saving checkpoint...
  Progress: 8850/65260 scenes (13.6%) | 12.0 scenes/min | ETA: 4682 min
  Progress: 8900/65260 scenes (13.6%) | 12.1 scenes/min | ETA: 4676 min
  Saving checkpoint...
  Progress: 8950/65260 scenes (13.7%) | 12.0 scenes/min | ETA: 4685 min
  Progress: 9000/65260 scenes (13.8%) | 12.0 scenes/min | ETA: 4680 min
  Saving checkpoint...
  Progress: 9050/65260 scenes (13.9%) | 12.0 scenes/min | ETA: 4692 min
  Progress: 9100/65260 scenes (13.9%) | 12.0 scenes/min | ETA: 4687 min
  Saving checkpoint...
  Progress: 9150/65260 scenes (14.0%) | 11.9 scenes/min | ETA: 4705 min
  Progress: 9200/65260 scenes (14.1%) | 11.9 scenes/min | ETA: 4699 min
  Saving checkpoint...
  Progress: 9250/65260 scenes (14.2%) | 11.9 scenes/min | ETA: 4713 min
  Progress: 9300/65260 scenes (14.3%) | 11.9 scenes/min | ETA: 4707 min
  Saving checkpoint...
  Progress: 9350/65260 scenes (14.3%) | 11.8 scenes/min | ETA: 4723 min
  Progress: 9400/65260 scenes (14.4%) | 11.8 scenes/min | ETA: 4714 min
  Saving checkpoint...
  Progress: 9450/65260 scenes (14.5%) | 11.8 scenes/min | ETA: 4726 min
  Progress: 9500/65260 scenes (14.6%) | 11.8 scenes/min | ETA: 4719 min
  Saving checkpoint...
  Progress: 9550/65260 scenes (14.6%) | 11.8 scenes/min | ETA: 4729 min
  Progress: 9600/65260 scenes (14.7%) | 11.8 scenes/min | ETA: 4725 min
  Saving checkpoint...
  Progress: 9650/65260 scenes (14.8%) | 11.7 scenes/min | ETA: 4742 min
  Progress: 9700/65260 scenes (14.9%) | 11.7 scenes/min | ETA: 4735 min
  Saving checkpoint...
  Progress: 9750/65260 scenes (14.9%) | 11.7 scenes/min | ETA: 4764 min
  Progress: 9800/65260 scenes (15.0%) | 11.6 scenes/min | ETA: 4764 min
  Saving checkpoint...
  Progress: 9850/65260 scenes (15.1%) | 11.6 scenes/min | ETA: 4776 min
  Progress: 9900/65260 scenes (15.2%) | 11.6 scenes/min | ETA: 4776 min
  Saving checkpoint...
  Progress: 9950/65260 scenes (15.2%) | 11.5 scenes/min | ETA: 4800 min
  Progress: 10000/65260 scenes (15.3%) | 11.5 scenes/min | ETA: 4794 min
  Saving checkpoint...
  Progress: 10050/65260 scenes (15.4%) | 11.5 scenes/min | ETA: 4808 min
  Progress: 10100/65260 scenes (15.5%) | 11.5 scenes/min | ETA: 4803 min
  Saving checkpoint...
  Progress: 10150/65260 scenes (15.6%) | 11.5 scenes/min | ETA: 4812 min
  Progress: 10200/65260 scenes (15.6%) | 11.5 scenes/min | ETA: 4804 min
  Saving checkpoint...
  Progress: 10250/65260 scenes (15.7%) | 11.4 scenes/min | ETA: 4819 min
  Progress: 10300/65260 scenes (15.8%) | 11.4 scenes/min | ETA: 4810 min
  Saving checkpoint...
  Progress: 10350/65260 scenes (15.9%) | 11.4 scenes/min | ETA: 4821 min
  Progress: 10400/65260 scenes (15.9%) | 11.4 scenes/min | ETA: 4814 min
  Saving checkpoint...
  Progress: 10450/65260 scenes (16.0%) | 11.4 scenes/min | ETA: 4826 min
  Progress: 10500/65260 scenes (16.1%) | 11.4 scenes/min | ETA: 4819 min
  Saving checkpoint...
  Progress: 10550/65260 scenes (16.2%) | 11.3 scenes/min | ETA: 4826 min
  Progress: 10600/65260 scenes (16.2%) | 11.3 scenes/min | ETA: 4817 min
  Saving checkpoint...
  Progress: 10650/65260 scenes (16.3%) | 11.3 scenes/min | ETA: 4826 min
  Progress: 10700/65260 scenes (16.4%) | 11.3 scenes/min | ETA: 4819 min
  Saving checkpoint...
  Progress: 10750/65260 scenes (16.5%) | 11.3 scenes/min | ETA: 4831 min
  Progress: 10800/65260 scenes (16.5%) | 11.3 scenes/min | ETA: 4826 min
  Saving checkpoint...
  Progress: 10850/65260 scenes (16.6%) | 11.2 scenes/min | ETA: 4837 min
  Progress: 10900/65260 scenes (16.7%) | 11.3 scenes/min | ETA: 4827 min
  Saving checkpoint...
Error in utils::write.table(timeseries_df, checkpoint_file, row.names = FALSE,  : 
  Error writing to connection:  Host is down
Calls: process_ndvi_to_4km ... write.csv -> eval.parent -> eval -> eval -> <Anonymous>
Execution halted
