terra 1.8.70

Attaching package: ‘dplyr’

The following objects are masked from ‘package:terra’:

    intersect, union

The following objects are masked from ‘package:stats’:

    filter, lag

The following objects are masked from ‘package:base’:

    intersect, setdiff, setequal, union


Attaching package: ‘lubridate’

The following objects are masked from ‘package:terra’:

    intersect, union

The following objects are masked from ‘package:base’:

    date, intersect, setdiff, union

✓ Using Docker container data mount at /data
✓ All required paths verified successfully

=== HLS DATA PATHS CONFIGURED ===
Operating System: Linux 
Base Path: /data 
Storage space check: Run 'check_storage_space(paths$base)' to verify capacity
Platform-specific paths ready for HLS processing
=== PHASE 1: SPATIAL AGGREGATION TO 4KM ===

Configuration:
  Target resolution: 4000 m
  Aggregation method: median 
  Years: 2013-2024 
  Output: /data/gam_models/conus_4km_ndvi_timeseries.csv 


=== EXECUTING PHASE 1: 4KM AGGREGATION ===
Started at: 2025-11-10 06:27:52.539245 

=== STARTING 4KM AGGREGATION ===

Scanning for NDVI files...
   2013 : 3601 scenes
   2014 : 4740 scenes
   2015 : 4679 scenes
   2016 : 5955 scenes
   2017 : 5582 scenes
   2018 : 5114 scenes
   2019 : 5323 scenes
   2020 : 6291 scenes
   2021 : 6301 scenes
   2022 : 5919 scenes
   2023 : 5793 scenes
   2024 : 5962 scenes

Total scenes found: 65260 

Found checkpoint file - loading previous progress...
  Resuming from 1965582 existing observations
   59086 scenes remaining

Initializing 4km reference grid...
Creating 4km reference grid in Albers Equal Area projection...
  Domain spans multiple UTM zones (13N-17N) - using common CRS
  CRS: Albers Equal Area (EPSG:5070)
  Grid dimensions: 304 x 495 x 1 
  Total 4km cells: 150480 
  Extent (Albers meters): -748366, 1229788, 1584247, 2801026 

  Progress: 50/59086 scenes (0.1%) | 15.1 scenes/min | ETA: 3916 min
  Progress: 100/59086 scenes (0.2%) | 14.2 scenes/min | ETA: 4141 min
  Progress: 150/59086 scenes (0.3%) | 14.5 scenes/min | ETA: 4051 min
  Progress: 200/59086 scenes (0.3%) | 14.9 scenes/min | ETA: 3965 min
  Progress: 250/59086 scenes (0.4%) | 14.9 scenes/min | ETA: 3960 min
  Progress: 300/59086 scenes (0.5%) | 15.5 scenes/min | ETA: 3781 min
  Saving checkpoint...
  Progress: 350/59086 scenes (0.6%) | 16.1 scenes/min | ETA: 3643 min
  Progress: 400/59086 scenes (0.7%) | 16.7 scenes/min | ETA: 3511 min
  Progress: 450/59086 scenes (0.8%) | 16.9 scenes/min | ETA: 3478 min
  Progress: 500/59086 scenes (0.8%) | 17.2 scenes/min | ETA: 3404 min
  Progress: 550/59086 scenes (0.9%) | 17.4 scenes/min | ETA: 3371 min
  Progress: 600/59086 scenes (1.0%) | 17.7 scenes/min | ETA: 3302 min
  Saving checkpoint...
  Progress: 650/59086 scenes (1.1%) | 18.0 scenes/min | ETA: 3239 min
  Progress: 700/59086 scenes (1.2%) | 18.1 scenes/min | ETA: 3223 min
  Progress: 750/59086 scenes (1.3%) | 18.2 scenes/min | ETA: 3200 min
  Progress: 800/59086 scenes (1.4%) | 18.0 scenes/min | ETA: 3230 min
  Progress: 850/59086 scenes (1.4%) | 17.9 scenes/min | ETA: 3251 min
  Progress: 900/59086 scenes (1.5%) | 18.0 scenes/min | ETA: 3239 min
  Saving checkpoint...
  Progress: 950/59086 scenes (1.6%) | 18.1 scenes/min | ETA: 3212 min
  Progress: 1000/59086 scenes (1.7%) | 18.2 scenes/min | ETA: 3186 min
  Progress: 1050/59086 scenes (1.8%) | 18.2 scenes/min | ETA: 3189 min
  Progress: 1100/59086 scenes (1.9%) | 18.2 scenes/min | ETA: 3185 min
  Progress: 1150/59086 scenes (1.9%) | 18.2 scenes/min | ETA: 3185 min
  Progress: 1200/59086 scenes (2.0%) | 18.3 scenes/min | ETA: 3165 min
  Saving checkpoint...
